2021-02-23 11:55:52,125 INFO  [org.jboss.modules] (main) JBoss Modules version 1.10.2.Final
2021-02-23 11:55:54,924 INFO  [org.jboss.msc] (main) JBoss MSC version 1.4.12.Final
2021-02-23 11:55:54,945 INFO  [org.jboss.threads] (main) JBoss Threads version 2.4.0.Final
2021-02-23 11:55:55,239 INFO  [org.jboss.as] (MSC service thread 1-1) WFLYSRV0049: Keycloak 12.0.3 (WildFly Core 13.0.3.Final) starting
2021-02-23 11:55:55,242 DEBUG [org.jboss.as.config] (MSC service thread 1-1) Configured system properties:
	awt.toolkit = sun.awt.windows.WToolkit
	file.encoding = Cp1256
	file.encoding.pkg = sun.io
	file.separator = \
	java.awt.graphicsenv = sun.awt.Win32GraphicsEnvironment
	java.awt.printerjob = sun.awt.windows.WPrinterJob
	java.class.path = C:\keycloak-12.0.3\keycloak-12.0.3\jboss-modules.jar
	java.class.version = 52.0
	java.endorsed.dirs = C:\Program Files (x86)\Java\jdk1.8.0_172\jre\lib\endorsed
	java.ext.dirs = C:\Program Files (x86)\Java\jdk1.8.0_172\jre\lib\ext;C:\WINDOWS\Sun\Java\lib\ext
	java.home = C:\Program Files (x86)\Java\jdk1.8.0_172\jre
	java.io.tmpdir = C:\Users\OSAMAF~1\AppData\Local\Temp\
	java.library.path = C:\Program Files (x86)\Java\jdk1.8.0_172\bin;C:\WINDOWS\Sun\Java\bin;C:\WINDOWS\system32;C:\WINDOWS;C:\Program Files (x86)\Common Files\Oracle\Java\javapath;C:\Program Files\Common Files\Oracle\Java\javapath;C:\Program Files\Microsoft MPI\Bin\;C:\WINDOWS\system32;C:\WINDOWS;C:\WINDOWS\System32\Wbem;C:\WINDOWS\System32\WindowsPowerShell\v1.0\;C:\Program Files\Microsoft SQL Server\Client SDK\ODBC\110\Tools\Binn\;C:\Program Files\dotnet\;C:\Program Files\Microsoft SQL Server\130\Tools\Binn\;C:\WINDOWS\System32\OpenSSH\;C:\Program Files\Microsoft VS Code\bin;C:\Program Files (x86)\Microsoft SQL Server\Client SDK\ODBC\130\Tools\Binn\;C:\Program Files (x86)\Microsoft SQL Server\140\Tools\Binn\;C:\Program Files (x86)\Microsoft SQL Server\140\DTS\Binn\;C:\Program Files (x86)\Microsoft SQL Server\140\Tools\Binn\ManagementStudio\;C:\Program Files\nodejs\;C:\Program Files\Microsoft SQL Server\Client SDK\ODBC\170\Tools\Binn\;C:\Program Files\Intel\WiFi\bin\;C:\Program Files\Common Files\Intel\WirelessCommon\;C:\flutter\dart-sdk\bin;C:\Andoid-Sdk\tools;C:\Andoid-Sdk\platform-tools;C:\Program Files\MongoDB\Server\4.2\bin;C:\Program Files (x86)\IncrediBuild;C:\Program Files (x86)\Microsoft SQL Server\150\Tools\Binn\;C:\Program Files\Microsoft SQL Server\150\Tools\Binn\;C:\Program Files (x86)\Microsoft SQL Server\150\DTS\Binn\;C:\Program Files\Microsoft SQL Server\150\DTS\Binn\;C:\Program Files\Git\cmd;C:\Program Files (x86)\dotnet\;c:\Program Files (x86)\Intel\Intel(R) Management Engine Components\DAL;c:\Program Files\Intel\Intel(R) Management Engine Components\DAL;C:\Program Files (x86)\Yarn\bin\;C:\apache-maven-3.6.3-bin\apache-maven-3.6.3\bin;C:\Users\Osama Fadl\AppData\Local\Microsoft\WindowsApps;C:\Users\Osama Fadl\AppData\Roaming\npm;C:\Users\Osama Fadl\.dotnet\tools;C:\Users\Osama Fadl\AppData\Local\GitHubDesktop\bin;C:\Users\Osama Fadl\AppData\Local\Programs\Fiddler;C:\Users\Osama Fadl\AppData\Local\Microsoft\WindowsApps;C:\flutter\flutter\bin;C:\Users\Osama Fadl\.dotnet\tools;C:\Users\Osama Fadl\AppData\Local\Yarn\bin;.
	java.net.preferIPv4Stack = true
	java.runtime.name = Java(TM) SE Runtime Environment
	java.runtime.version = 1.8.0_172-b11
	java.specification.name = Java Platform API Specification
	java.specification.vendor = Oracle Corporation
	java.specification.version = 1.8
	java.util.logging.manager = org.jboss.logmanager.LogManager
	java.vendor = Oracle Corporation
	java.vendor.url = http://java.oracle.com/
	java.vendor.url.bug = http://bugreport.sun.com/bugreport/
	java.version = 1.8.0_172
	java.vm.info = mixed mode
	java.vm.name = Java HotSpot(TM) Client VM
	java.vm.specification.name = Java Virtual Machine Specification
	java.vm.specification.vendor = Oracle Corporation
	java.vm.specification.version = 1.8
	java.vm.vendor = Oracle Corporation
	java.vm.version = 25.172-b11
	javax.management.builder.initial = org.jboss.as.jmx.PluggableMBeanServerBuilder
	jboss.home.dir = C:\keycloak-12.0.3\keycloak-12.0.3
	jboss.host.name = osama
	jboss.modules.dir = C:\keycloak-12.0.3\keycloak-12.0.3\modules
	jboss.modules.system.pkgs = org.jboss.byteman
	jboss.node.name = osama
	jboss.qualified.host.name = osama
	jboss.server.base.dir = C:\keycloak-12.0.3\keycloak-12.0.3\standalone
	jboss.server.config.dir = C:\keycloak-12.0.3\keycloak-12.0.3\standalone\configuration
	jboss.server.data.dir = C:\keycloak-12.0.3\keycloak-12.0.3\standalone\data
	jboss.server.deploy.dir = C:\keycloak-12.0.3\keycloak-12.0.3\standalone\data\content
	jboss.server.log.dir = C:\keycloak-12.0.3\keycloak-12.0.3\standalone\log
	jboss.server.name = osama
	jboss.server.persist.config = true
	jboss.server.temp.dir = C:\keycloak-12.0.3\keycloak-12.0.3\standalone\tmp
	line.separator = 

	logging.configuration = file:C:\keycloak-12.0.3\keycloak-12.0.3\standalone\configuration/logging.properties
	module.path = C:\keycloak-12.0.3\keycloak-12.0.3\modules
	org.jboss.boot.log.file = C:\keycloak-12.0.3\keycloak-12.0.3\standalone\log\server.log
	org.jboss.resolver.warning = true
	os.arch = x86
	os.name = Windows 10
	os.version = 10.0
	path.separator = ;
	program.name = standalone.bat
	sun.arch.data.model = 32
	sun.boot.class.path = C:\Program Files (x86)\Java\jdk1.8.0_172\jre\lib\resources.jar;C:\Program Files (x86)\Java\jdk1.8.0_172\jre\lib\rt.jar;C:\Program Files (x86)\Java\jdk1.8.0_172\jre\lib\sunrsasign.jar;C:\Program Files (x86)\Java\jdk1.8.0_172\jre\lib\jsse.jar;C:\Program Files (x86)\Java\jdk1.8.0_172\jre\lib\jce.jar;C:\Program Files (x86)\Java\jdk1.8.0_172\jre\lib\charsets.jar;C:\Program Files (x86)\Java\jdk1.8.0_172\jre\lib\jfr.jar;C:\Program Files (x86)\Java\jdk1.8.0_172\jre\classes
	sun.boot.library.path = C:\Program Files (x86)\Java\jdk1.8.0_172\jre\bin
	sun.cpu.endian = little
	sun.cpu.isalist = pentium_pro+mmx pentium_pro pentium+mmx pentium i486 i386 i86
	sun.desktop = windows
	sun.io.unicode.encoding = UnicodeLittle
	sun.java.command = C:\keycloak-12.0.3\keycloak-12.0.3\jboss-modules.jar -mp C:\keycloak-12.0.3\keycloak-12.0.3\modules org.jboss.as.standalone -Djboss.home.dir=C:\keycloak-12.0.3\keycloak-12.0.3
	sun.java.launcher = SUN_STANDARD
	sun.jnu.encoding = Cp1256
	sun.management.compiler = HotSpot Client Compiler
	sun.os.patch.level = 
	sun.stderr.encoding = cp720
	sun.stdout.encoding = cp720
	user.country = US
	user.dir = C:\keycloak-12.0.3\keycloak-12.0.3\bin
	user.home = C:\Users\Osama Fadl
	user.language = en
	user.name = Osama Fadl
	user.script = 
	user.timezone = Asia/Riyadh
	user.variant = 
2021-02-23 11:55:55,244 DEBUG [org.jboss.as.config] (MSC service thread 1-1) VM Arguments: -Dprogram.name=standalone.bat -Xms64M -Xmx512M -XX:MetaspaceSize=96M -XX:MaxMetaspaceSize=256m -Djava.net.preferIPv4Stack=true -Djboss.modules.system.pkgs=org.jboss.byteman -Dorg.jboss.boot.log.file=C:\keycloak-12.0.3\keycloak-12.0.3\standalone\log\server.log -Dlogging.configuration=file:C:\keycloak-12.0.3\keycloak-12.0.3\standalone\configuration/logging.properties 
2021-02-23 11:55:59,156 INFO  [org.wildfly.security] (ServerService Thread Pool -- 20) ELY00001: WildFly Elytron version 1.13.1.Final
2021-02-23 11:56:02,347 INFO  [org.jboss.as.controller.management-deprecated] (Controller Boot Thread) WFLYCTL0028: Attribute 'security-realm' in the resource at address '/core-service=management/management-interface=http-interface' is deprecated, and may be removed in a future version. See the attribute description in the output of the read-resource-description operation to learn more about the deprecation.
2021-02-23 11:56:02,370 INFO  [org.jboss.as.controller.management-deprecated] (ServerService Thread Pool -- 9) WFLYCTL0028: Attribute 'security-realm' in the resource at address '/subsystem=undertow/server=default-server/https-listener=https' is deprecated, and may be removed in a future version. See the attribute description in the output of the read-resource-description operation to learn more about the deprecation.
2021-02-23 11:56:03,645 INFO  [org.jboss.as.server] (Controller Boot Thread) WFLYSRV0039: Creating http management service using socket-binding (management-http)
2021-02-23 11:56:03,671 INFO  [org.xnio] (MSC service thread 1-3) XNIO version 3.8.2.Final
2021-02-23 11:56:03,686 INFO  [org.xnio.nio] (MSC service thread 1-3) XNIO NIO Implementation Version 3.8.2.Final
2021-02-23 11:56:03,736 INFO  [org.wildfly.extension.microprofile.config.smallrye._private] (ServerService Thread Pool -- 45) WFLYCONF0001: Activating WildFly MicroProfile Config Subsystem
2021-02-23 11:56:03,739 INFO  [org.jboss.as.clustering.infinispan] (ServerService Thread Pool -- 37) WFLYCLINF0001: Activating Infinispan subsystem.
2021-02-23 11:56:03,743 WARN  [org.jboss.as.txn] (ServerService Thread Pool -- 53) WFLYTX0013: The node-identifier attribute on the /subsystem=transactions is set to the default value. This is a danger for environments running multiple servers. Please make sure the attribute value is unique.
2021-02-23 11:56:03,765 INFO  [org.wildfly.extension.microprofile.metrics.smallrye] (ServerService Thread Pool -- 47) WFLYMETRICS0001: Activating Eclipse MicroProfile Metrics Subsystem
2021-02-23 11:56:03,766 INFO  [org.jboss.as.naming] (ServerService Thread Pool -- 48) WFLYNAM0001: Activating Naming Subsystem
2021-02-23 11:56:03,767 INFO  [org.jboss.as.security] (ServerService Thread Pool -- 51) WFLYSEC0002: Activating Security Subsystem
2021-02-23 11:56:03,769 INFO  [org.jboss.as.connector] (MSC service thread 1-7) WFLYJCA0009: Starting JCA Subsystem (WildFly/IronJacamar 1.4.23.Final)
2021-02-23 11:56:03,775 INFO  [org.wildfly.extension.microprofile.health.smallrye] (ServerService Thread Pool -- 46) WFLYHEALTH0001: Activating Eclipse MicroProfile Health Subsystem
2021-02-23 11:56:04,029 INFO  [org.wildfly.extension.io] (ServerService Thread Pool -- 38) WFLYIO001: Worker 'default' has auto-configured to 8 IO threads with 64 max task threads based on your 4 available processors
2021-02-23 11:56:04,030 INFO  [org.wildfly.extension.undertow] (MSC service thread 1-5) WFLYUT0003: Undertow 2.2.2.Final starting
2021-02-23 11:56:04,082 INFO  [org.jboss.as.connector.subsystems.datasources] (ServerService Thread Pool -- 32) WFLYJCA0004: Deploying JDBC-compliant driver class org.h2.Driver (version 1.4)
2021-02-23 11:56:04,103 WARN  [org.wildfly.clustering.web.undertow] (ServerService Thread Pool -- 54) WFLYCLWEBUT0007: No routing provider found for default-server; using legacy provider based on static configuration
2021-02-23 11:56:04,246 INFO  [org.jboss.as.jaxrs] (ServerService Thread Pool -- 39) WFLYRS0016: RESTEasy version 3.13.2.Final
2021-02-23 11:56:04,252 INFO  [org.jboss.as.security] (MSC service thread 1-2) WFLYSEC0001: Current PicketBox version=5.0.3.Final-redhat-00006
2021-02-23 11:56:04,318 INFO  [org.jboss.remoting] (MSC service thread 1-3) JBoss Remoting version 5.0.19.Final
2021-02-23 11:56:04,336 INFO  [org.jboss.as.naming] (MSC service thread 1-7) WFLYNAM0003: Starting Naming Service
2021-02-23 11:56:04,337 INFO  [org.jboss.as.mail.extension] (MSC service thread 1-8) WFLYMAIL0001: Bound mail session [java:jboss/mail/Default]
2021-02-23 11:56:04,765 INFO  [org.wildfly.extension.undertow] (ServerService Thread Pool -- 54) WFLYUT0014: Creating file handler for path 'C:\keycloak-12.0.3\keycloak-12.0.3/welcome-content' with options [directory-listing: 'false', follow-symlink: 'false', case-sensitive: 'true', safe-symlink-paths: '[]']
2021-02-23 11:56:04,780 INFO  [org.jboss.as.connector.deployers.jdbc] (MSC service thread 1-3) WFLYJCA0018: Started Driver service with driver-name = h2
2021-02-23 11:56:04,848 INFO  [org.jboss.as.ejb3] (MSC service thread 1-8) WFLYEJB0481: Strict pool slsb-strict-max-pool is using a max instance size of 64 (per class), which is derived from thread worker pool sizing.
2021-02-23 11:56:04,852 INFO  [org.jboss.as.ejb3] (MSC service thread 1-3) WFLYEJB0482: Strict pool mdb-strict-max-pool is using a max instance size of 16 (per class), which is derived from the number of CPUs on this host.
2021-02-23 11:56:04,882 INFO  [org.wildfly.extension.undertow] (MSC service thread 1-7) WFLYUT0012: Started server default-server.
2021-02-23 11:56:05,061 INFO  [org.wildfly.extension.undertow] (MSC service thread 1-8) WFLYUT0018: Host default-host starting
2021-02-23 11:56:05,930 INFO  [org.wildfly.extension.undertow] (MSC service thread 1-7) WFLYUT0006: Undertow HTTP listener default listening on 127.0.0.1:8080
2021-02-23 11:56:06,015 INFO  [org.jboss.as.ejb3] (MSC service thread 1-8) WFLYEJB0493: EJB subsystem suspension complete
2021-02-23 11:56:06,082 INFO  [org.jboss.as.connector.subsystems.datasources] (MSC service thread 1-5) WFLYJCA0001: Bound data source [java:jboss/datasources/KeycloakDS]
2021-02-23 11:56:06,083 INFO  [org.jboss.as.connector.subsystems.datasources] (MSC service thread 1-4) WFLYJCA0001: Bound data source [java:jboss/datasources/ExampleDS]
2021-02-23 11:56:06,506 INFO  [org.jboss.as.patching] (MSC service thread 1-2) WFLYPAT0050: Keycloak cumulative patch ID is: base, one-off patches include: none
2021-02-23 11:56:06,522 WARN  [org.jboss.as.domain.management.security] (MSC service thread 1-8) WFLYDM0111: Keystore C:\keycloak-12.0.3\keycloak-12.0.3\standalone\configuration\application.keystore not found, it will be auto generated on first use with a self signed certificate for host localhost
2021-02-23 11:56:06,527 INFO  [org.jboss.as.server.deployment.scanner] (MSC service thread 1-6) WFLYDS0013: Started FileSystemDeploymentService for directory C:\keycloak-12.0.3\keycloak-12.0.3\standalone\deployments
2021-02-23 11:56:06,539 INFO  [org.jboss.as.server.deployment] (MSC service thread 1-2) WFLYSRV0027: Starting deployment of "worldofss-keycloak-wss-2fa-sms-1.0.0-SSO.jar" (runtime-name: "worldofss-keycloak-wss-2fa-sms-1.0.0-SSO.jar")
2021-02-23 11:56:06,539 INFO  [org.jboss.as.server.deployment] (MSC service thread 1-7) WFLYSRV0027: Starting deployment of "keycloak-server.war" (runtime-name: "keycloak-server.war")
2021-02-23 11:56:07,340 INFO  [org.wildfly.extension.undertow] (MSC service thread 1-5) WFLYUT0006: Undertow HTTPS listener https listening on 127.0.0.1:8443
2021-02-23 11:56:07,556 WARN  [org.jboss.as.dependency.deprecated] (MSC service thread 1-6) WFLYSRV0221: Deployment "deployment.worldofss-keycloak-wss-2fa-sms-1.0.0-SSO.jar" is using a deprecated module ("javax.api") which may be removed in future versions without notice.
2021-02-23 11:56:07,559 WARN  [org.jboss.as.dependency.private] (MSC service thread 1-6) WFLYSRV0018: Deployment "deployment.worldofss-keycloak-wss-2fa-sms-1.0.0-SSO.jar" is using a private module ("org.apache.httpcomponents.core") which may be changed or removed in future versions without notice.
2021-02-23 11:56:07,562 WARN  [org.jboss.as.dependency.private] (MSC service thread 1-6) WFLYSRV0018: Deployment "deployment.worldofss-keycloak-wss-2fa-sms-1.0.0-SSO.jar" is using a private module ("org.keycloak.keycloak-server-spi-private") which may be changed or removed in future versions without notice.
2021-02-23 11:56:07,562 WARN  [org.jboss.as.dependency.private] (MSC service thread 1-6) WFLYSRV0018: Deployment "deployment.worldofss-keycloak-wss-2fa-sms-1.0.0-SSO.jar" is using a private module ("org.keycloak.keycloak-services") which may be changed or removed in future versions without notice.
2021-02-23 11:56:07,568 INFO  [org.keycloak.subsystem.server.extension.KeycloakProviderDeploymentProcessor] (MSC service thread 1-2) Deploying Keycloak provider: worldofss-keycloak-wss-2fa-sms-1.0.0-SSO.jar
2021-02-23 11:56:08,195 INFO  [org.infinispan.CONTAINER] (ServerService Thread Pool -- 56) ISPN000128: Infinispan version: Infinispan 'Corona Extra' 11.0.4.Final
2021-02-23 11:56:08,244 INFO  [org.infinispan.CONFIG] (MSC service thread 1-7) ISPN000152: Passivation configured without an eviction policy being selected. Only manually evicted entities will be passivated.
2021-02-23 11:56:08,247 INFO  [org.infinispan.CONFIG] (MSC service thread 1-7) ISPN000152: Passivation configured without an eviction policy being selected. Only manually evicted entities will be passivated.
2021-02-23 11:56:08,338 INFO  [org.infinispan.PERSISTENCE] (ServerService Thread Pool -- 56) ISPN000556: Starting user marshaller 'org.wildfly.clustering.infinispan.spi.marshalling.InfinispanProtoStreamMarshaller'
2021-02-23 11:56:08,338 INFO  [org.infinispan.PERSISTENCE] (ServerService Thread Pool -- 57) ISPN000556: Starting user marshaller 'org.wildfly.clustering.infinispan.marshalling.jboss.JBossMarshaller'
2021-02-23 11:56:08,716 INFO  [org.jboss.as.clustering.infinispan] (ServerService Thread Pool -- 56) WFLYCLINF0002: Started http-remoting-connector cache from ejb container
2021-02-23 11:56:08,735 INFO  [org.jboss.as.clustering.infinispan] (ServerService Thread Pool -- 59) WFLYCLINF0002: Started authenticationSessions cache from keycloak container
2021-02-23 11:56:08,737 INFO  [org.jboss.as.clustering.infinispan] (ServerService Thread Pool -- 68) WFLYCLINF0002: Started clientSessions cache from keycloak container
2021-02-23 11:56:08,738 INFO  [org.jboss.as.clustering.infinispan] (ServerService Thread Pool -- 63) WFLYCLINF0002: Started work cache from keycloak container
2021-02-23 11:56:08,738 INFO  [org.jboss.as.clustering.infinispan] (ServerService Thread Pool -- 64) WFLYCLINF0002: Started offlineClientSessions cache from keycloak container
2021-02-23 11:56:08,738 INFO  [org.jboss.as.clustering.infinispan] (ServerService Thread Pool -- 58) WFLYCLINF0002: Started sessions cache from keycloak container
2021-02-23 11:56:08,740 INFO  [org.jboss.as.clustering.infinispan] (ServerService Thread Pool -- 61) WFLYCLINF0002: Started loginFailures cache from keycloak container
2021-02-23 11:56:08,740 INFO  [org.jboss.as.clustering.infinispan] (ServerService Thread Pool -- 60) WFLYCLINF0002: Started actionTokens cache from keycloak container
2021-02-23 11:56:08,741 INFO  [org.jboss.as.clustering.infinispan] (ServerService Thread Pool -- 67) WFLYCLINF0002: Started offlineSessions cache from keycloak container
2021-02-23 11:56:08,781 INFO  [org.jboss.as.clustering.infinispan] (ServerService Thread Pool -- 57) WFLYCLINF0002: Started authorization cache from keycloak container
2021-02-23 11:56:08,781 INFO  [org.jboss.as.clustering.infinispan] (ServerService Thread Pool -- 56) WFLYCLINF0002: Started keys cache from keycloak container
2021-02-23 11:56:08,782 INFO  [org.jboss.as.clustering.infinispan] (ServerService Thread Pool -- 62) WFLYCLINF0002: Started users cache from keycloak container
2021-02-23 11:56:08,782 INFO  [org.jboss.as.clustering.infinispan] (ServerService Thread Pool -- 66) WFLYCLINF0002: Started realms cache from keycloak container
2021-02-23 11:56:09,317 WARN  [org.jboss.as.server.deployment] (MSC service thread 1-4) WFLYSRV0273: Excluded subsystem webservices via jboss-deployment-structure.xml does not exist.
2021-02-23 11:56:10,085 INFO  [org.keycloak.services] (ServerService Thread Pool -- 65) KC-SERVICES0001: Loading config from standalone.xml or domain.xml
2021-02-23 11:56:10,210 INFO  [org.keycloak.url.DefaultHostnameProviderFactory] (ServerService Thread Pool -- 65) Frontend: <request>, Admin: <frontend>, Backend: <request>
2021-02-23 11:56:10,834 WARN  [org.keycloak.services] (ServerService Thread Pool -- 65) KC-SERVICES0047: sms-authenticator (worldofss.keycloak.authenticator.SmsAuthenticatorFactory) is implementing the internal SPI authenticator. This SPI is internal and may change without notice
2021-02-23 11:56:10,849 WARN  [org.infinispan.encoding.impl.StorageConfigurationManager] (ServerService Thread Pool -- 65) ISPN000599: Configuration for cache 'realmRevisions' does not define the encoding for keys or values. If you use operations that require data conversion or queries, you should configure the cache with a specific MediaType for keys or values.
2021-02-23 11:56:10,853 INFO  [org.jboss.as.clustering.infinispan] (ServerService Thread Pool -- 65) WFLYCLINF0002: Started realmRevisions cache from keycloak container
2021-02-23 11:56:10,854 WARN  [org.infinispan.encoding.impl.StorageConfigurationManager] (ServerService Thread Pool -- 65) ISPN000599: Configuration for cache 'userRevisions' does not define the encoding for keys or values. If you use operations that require data conversion or queries, you should configure the cache with a specific MediaType for keys or values.
2021-02-23 11:56:10,857 INFO  [org.jboss.as.clustering.infinispan] (ServerService Thread Pool -- 65) WFLYCLINF0002: Started userRevisions cache from keycloak container
2021-02-23 11:56:10,858 WARN  [org.infinispan.encoding.impl.StorageConfigurationManager] (ServerService Thread Pool -- 65) ISPN000599: Configuration for cache 'authorizationRevisions' does not define the encoding for keys or values. If you use operations that require data conversion or queries, you should configure the cache with a specific MediaType for keys or values.
2021-02-23 11:56:10,862 INFO  [org.jboss.as.clustering.infinispan] (ServerService Thread Pool -- 65) WFLYCLINF0002: Started authorizationRevisions cache from keycloak container
2021-02-23 11:56:10,865 INFO  [org.keycloak.connections.infinispan.DefaultInfinispanConnectionProviderFactory] (ServerService Thread Pool -- 65) Node name: osama, Site name: null
2021-02-23 11:56:15,729 INFO  [org.keycloak.connections.jpa.DefaultJpaConnectionProviderFactory] (ServerService Thread Pool -- 65) Database info: {databaseUrl=jdbc:h2:C:\keycloak-12.0.3\keycloak-12.0.3\standalone\data/keycloak, databaseUser=SA, databaseProduct=H2 1.4.197 (2018-03-18), databaseDriver=H2 JDBC Driver 1.4.197 (2018-03-18)}
2021-02-23 11:56:17,205 INFO  [org.hibernate.jpa.internal.util.LogHelper] (ServerService Thread Pool -- 65) HHH000204: Processing PersistenceUnitInfo [
	name: keycloak-default
	...]
2021-02-23 11:56:17,331 INFO  [org.hibernate.Version] (ServerService Thread Pool -- 65) HHH000412: Hibernate Core {5.3.20.Final}
2021-02-23 11:56:17,334 INFO  [org.hibernate.cfg.Environment] (ServerService Thread Pool -- 65) HHH000206: hibernate.properties not found
2021-02-23 11:56:17,659 INFO  [org.hibernate.annotations.common.Version] (ServerService Thread Pool -- 65) HCANN000001: Hibernate Commons Annotations {5.0.5.Final}
2021-02-23 11:56:18,084 INFO  [org.hibernate.dialect.Dialect] (ServerService Thread Pool -- 65) HHH000400: Using dialect: org.hibernate.dialect.H2Dialect
2021-02-23 11:56:18,096 WARN  [org.hibernate.dialect.H2Dialect] (ServerService Thread Pool -- 65) HHH000431: Unable to determine H2 database version, certain features may not work
2021-02-23 11:56:18,154 INFO  [org.hibernate.envers.boot.internal.EnversServiceImpl] (ServerService Thread Pool -- 65) Envers integration enabled? : true
2021-02-23 11:56:18,713 INFO  [org.hibernate.orm.beans] (ServerService Thread Pool -- 65) HHH10005002: No explicit CDI BeanManager reference was passed to Hibernate, but CDI is available on the Hibernate ClassLoader.
2021-02-23 11:56:18,795 INFO  [org.hibernate.validator.internal.util.Version] (ServerService Thread Pool -- 65) HV000001: Hibernate Validator 6.0.21.Final
2021-02-23 11:56:20,024 INFO  [org.hibernate.hql.internal.QueryTranslatorFactoryInitiator] (ServerService Thread Pool -- 65) HHH000397: Using ASTQueryTranslatorFactory
2021-02-23 11:56:20,836 INFO  [org.jboss.resteasy.resteasy_jaxrs.i18n] (ServerService Thread Pool -- 65) RESTEASY002225: Deploying javax.ws.rs.core.Application: class org.keycloak.services.resources.KeycloakApplication
2021-02-23 11:56:20,839 INFO  [org.jboss.resteasy.resteasy_jaxrs.i18n] (ServerService Thread Pool -- 65) RESTEASY002200: Adding class resource org.keycloak.services.resources.JsResource from Application class org.keycloak.services.resources.KeycloakApplication
2021-02-23 11:56:20,839 INFO  [org.jboss.resteasy.resteasy_jaxrs.i18n] (ServerService Thread Pool -- 65) RESTEASY002200: Adding class resource org.keycloak.services.resources.ThemeResource from Application class org.keycloak.services.resources.KeycloakApplication
2021-02-23 11:56:20,840 INFO  [org.jboss.resteasy.resteasy_jaxrs.i18n] (ServerService Thread Pool -- 65) RESTEASY002205: Adding provider class org.keycloak.services.error.KeycloakErrorHandler from Application class org.keycloak.services.resources.KeycloakApplication
2021-02-23 11:56:20,842 INFO  [org.jboss.resteasy.resteasy_jaxrs.i18n] (ServerService Thread Pool -- 65) RESTEASY002205: Adding provider class org.keycloak.services.filters.KeycloakSecurityHeadersFilter from Application class org.keycloak.services.resources.KeycloakApplication
2021-02-23 11:56:20,842 INFO  [org.jboss.resteasy.resteasy_jaxrs.i18n] (ServerService Thread Pool -- 65) RESTEASY002220: Adding singleton resource org.keycloak.services.resources.RealmsResource from Application class org.keycloak.services.resources.KeycloakApplication
2021-02-23 11:56:20,843 INFO  [org.jboss.resteasy.resteasy_jaxrs.i18n] (ServerService Thread Pool -- 65) RESTEASY002220: Adding singleton resource org.keycloak.services.resources.WelcomeResource from Application class org.keycloak.services.resources.KeycloakApplication
2021-02-23 11:56:20,844 INFO  [org.jboss.resteasy.resteasy_jaxrs.i18n] (ServerService Thread Pool -- 65) RESTEASY002220: Adding singleton resource org.keycloak.services.resources.RobotsResource from Application class org.keycloak.services.resources.KeycloakApplication
2021-02-23 11:56:20,845 INFO  [org.jboss.resteasy.resteasy_jaxrs.i18n] (ServerService Thread Pool -- 65) RESTEASY002220: Adding singleton resource org.keycloak.services.resources.admin.AdminRoot from Application class org.keycloak.services.resources.KeycloakApplication
2021-02-23 11:56:20,846 INFO  [org.jboss.resteasy.resteasy_jaxrs.i18n] (ServerService Thread Pool -- 65) RESTEASY002210: Adding provider singleton org.keycloak.services.util.ObjectMapperResolver from Application class org.keycloak.services.resources.KeycloakApplication
2021-02-23 11:56:21,230 INFO  [org.wildfly.extension.undertow] (ServerService Thread Pool -- 65) WFLYUT0021: Registered web context: '/auth' for server 'default-server'
2021-02-23 11:56:21,350 INFO  [org.jboss.as.server] (ServerService Thread Pool -- 33) WFLYSRV0010: Deployed "worldofss-keycloak-wss-2fa-sms-1.0.0-SSO.jar" (runtime-name : "worldofss-keycloak-wss-2fa-sms-1.0.0-SSO.jar")
2021-02-23 11:56:21,351 INFO  [org.jboss.as.server] (ServerService Thread Pool -- 43) WFLYSRV0010: Deployed "keycloak-server.war" (runtime-name : "keycloak-server.war")
2021-02-23 11:56:21,407 INFO  [org.jboss.as.server] (Controller Boot Thread) WFLYSRV0212: Resuming server
2021-02-23 11:56:21,410 INFO  [org.jboss.as] (Controller Boot Thread) WFLYSRV0025: Keycloak 12.0.3 (WildFly Core 13.0.3.Final) started in 36220ms - Started 632 of 911 services (588 services are lazy, passive or on-demand)
2021-02-23 11:56:21,413 INFO  [org.jboss.as] (Controller Boot Thread) WFLYSRV0060: Http management interface listening on http://127.0.0.1:9990/management
2021-02-23 11:56:21,413 INFO  [org.jboss.as] (Controller Boot Thread) WFLYSRV0051: Admin console listening on http://127.0.0.1:9990
2021-02-23 12:00:32,441 WARN  [worldofss.keycloak.authenticator.gateway.SmsServiceFactory] (default task-1) ***** SIMULATION MODE ***** Would send SMS to 0558068999 with text: · ”ÃÌ· «·œŒÊ· «œŒ· —„“ «· Õﬁﬁ 2528  
2021-02-23 12:00:40,382 INFO  [worldofss.keycloak.authenticator.SmsAuthenticator] (default task-1) Validating...
2021-02-23 12:17:33,649 WARN  [worldofss.keycloak.authenticator.gateway.SmsServiceFactory] (default task-4) ***** SIMULATION MODE ***** Would send SMS to 0558068999 with text: · ”ÃÌ· «·œŒÊ· «œŒ· —„“ «· Õﬁﬁ 0246  
2021-02-23 12:17:53,705 INFO  [worldofss.keycloak.authenticator.SmsAuthenticator] (default task-4) Validating...
2021-02-23 12:17:59,642 WARN  [worldofss.keycloak.authenticator.gateway.SmsServiceFactory] (default task-4) ***** SIMULATION MODE ***** Would send SMS to 0558068999 with text: · ”ÃÌ· «·œŒÊ· «œŒ· —„“ «· Õﬁﬁ 4230  
2021-02-23 12:18:06,908 INFO  [worldofss.keycloak.authenticator.SmsAuthenticator] (default task-4) Validating...
2021-02-23 13:07:06,608 INFO  [org.jboss.modules] (main) JBoss Modules version 1.10.2.Final
2021-02-23 13:07:07,209 INFO  [org.jboss.msc] (main) JBoss MSC version 1.4.12.Final
2021-02-23 13:07:07,220 INFO  [org.jboss.threads] (main) JBoss Threads version 2.4.0.Final
2021-02-23 13:07:07,343 INFO  [org.jboss.as] (MSC service thread 1-2) WFLYSRV0049: Keycloak 12.0.3 (WildFly Core 13.0.3.Final) starting
2021-02-23 13:07:07,346 DEBUG [org.jboss.as.config] (MSC service thread 1-2) Configured system properties:
	awt.toolkit = sun.awt.windows.WToolkit
	file.encoding = Cp1256
	file.encoding.pkg = sun.io
	file.separator = \
	java.awt.graphicsenv = sun.awt.Win32GraphicsEnvironment
	java.awt.printerjob = sun.awt.windows.WPrinterJob
	java.class.path = C:\keycloak-12.0.3\keycloak-12.0.3\jboss-modules.jar
	java.class.version = 52.0
	java.endorsed.dirs = C:\Program Files (x86)\Java\jdk1.8.0_172\jre\lib\endorsed
	java.ext.dirs = C:\Program Files (x86)\Java\jdk1.8.0_172\jre\lib\ext;C:\WINDOWS\Sun\Java\lib\ext
	java.home = C:\Program Files (x86)\Java\jdk1.8.0_172\jre
	java.io.tmpdir = C:\Users\OSAMAF~1\AppData\Local\Temp\
	java.library.path = C:\Program Files (x86)\Java\jdk1.8.0_172\bin;C:\WINDOWS\Sun\Java\bin;C:\WINDOWS\system32;C:\WINDOWS;C:\Program Files (x86)\Common Files\Oracle\Java\javapath;C:\Program Files\Common Files\Oracle\Java\javapath;C:\Program Files\Microsoft MPI\Bin\;C:\WINDOWS\system32;C:\WINDOWS;C:\WINDOWS\System32\Wbem;C:\WINDOWS\System32\WindowsPowerShell\v1.0\;C:\Program Files\Microsoft SQL Server\Client SDK\ODBC\110\Tools\Binn\;C:\Program Files\dotnet\;C:\Program Files\Microsoft SQL Server\130\Tools\Binn\;C:\WINDOWS\System32\OpenSSH\;C:\Program Files\Microsoft VS Code\bin;C:\Program Files (x86)\Microsoft SQL Server\Client SDK\ODBC\130\Tools\Binn\;C:\Program Files (x86)\Microsoft SQL Server\140\Tools\Binn\;C:\Program Files (x86)\Microsoft SQL Server\140\DTS\Binn\;C:\Program Files (x86)\Microsoft SQL Server\140\Tools\Binn\ManagementStudio\;C:\Program Files\nodejs\;C:\Program Files\Microsoft SQL Server\Client SDK\ODBC\170\Tools\Binn\;C:\Program Files\Intel\WiFi\bin\;C:\Program Files\Common Files\Intel\WirelessCommon\;C:\flutter\dart-sdk\bin;C:\Andoid-Sdk\tools;C:\Andoid-Sdk\platform-tools;C:\Program Files\MongoDB\Server\4.2\bin;C:\Program Files (x86)\IncrediBuild;C:\Program Files (x86)\Microsoft SQL Server\150\Tools\Binn\;C:\Program Files\Microsoft SQL Server\150\Tools\Binn\;C:\Program Files (x86)\Microsoft SQL Server\150\DTS\Binn\;C:\Program Files\Microsoft SQL Server\150\DTS\Binn\;C:\Program Files\Git\cmd;C:\Program Files (x86)\dotnet\;c:\Program Files (x86)\Intel\Intel(R) Management Engine Components\DAL;c:\Program Files\Intel\Intel(R) Management Engine Components\DAL;C:\Program Files (x86)\Yarn\bin\;C:\apache-maven-3.6.3-bin\apache-maven-3.6.3\bin;C:\Users\Osama Fadl\AppData\Local\Microsoft\WindowsApps;C:\Users\Osama Fadl\AppData\Roaming\npm;C:\Users\Osama Fadl\.dotnet\tools;C:\Users\Osama Fadl\AppData\Local\GitHubDesktop\bin;C:\Users\Osama Fadl\AppData\Local\Programs\Fiddler;C:\Users\Osama Fadl\AppData\Local\Microsoft\WindowsApps;C:\flutter\flutter\bin;C:\Users\Osama Fadl\.dotnet\tools;C:\Users\Osama Fadl\AppData\Local\Yarn\bin;.
	java.net.preferIPv4Stack = true
	java.runtime.name = Java(TM) SE Runtime Environment
	java.runtime.version = 1.8.0_172-b11
	java.specification.name = Java Platform API Specification
	java.specification.vendor = Oracle Corporation
	java.specification.version = 1.8
	java.util.logging.manager = org.jboss.logmanager.LogManager
	java.vendor = Oracle Corporation
	java.vendor.url = http://java.oracle.com/
	java.vendor.url.bug = http://bugreport.sun.com/bugreport/
	java.version = 1.8.0_172
	java.vm.info = mixed mode
	java.vm.name = Java HotSpot(TM) Client VM
	java.vm.specification.name = Java Virtual Machine Specification
	java.vm.specification.vendor = Oracle Corporation
	java.vm.specification.version = 1.8
	java.vm.vendor = Oracle Corporation
	java.vm.version = 25.172-b11
	javax.management.builder.initial = org.jboss.as.jmx.PluggableMBeanServerBuilder
	jboss.home.dir = C:\keycloak-12.0.3\keycloak-12.0.3
	jboss.host.name = osama
	jboss.modules.dir = C:\keycloak-12.0.3\keycloak-12.0.3\modules
	jboss.modules.system.pkgs = org.jboss.byteman
	jboss.node.name = osama
	jboss.qualified.host.name = osama
	jboss.server.base.dir = C:\keycloak-12.0.3\keycloak-12.0.3\standalone
	jboss.server.config.dir = C:\keycloak-12.0.3\keycloak-12.0.3\standalone\configuration
	jboss.server.data.dir = C:\keycloak-12.0.3\keycloak-12.0.3\standalone\data
	jboss.server.deploy.dir = C:\keycloak-12.0.3\keycloak-12.0.3\standalone\data\content
	jboss.server.log.dir = C:\keycloak-12.0.3\keycloak-12.0.3\standalone\log
	jboss.server.name = osama
	jboss.server.persist.config = true
	jboss.server.temp.dir = C:\keycloak-12.0.3\keycloak-12.0.3\standalone\tmp
	line.separator = 

	logging.configuration = file:C:\keycloak-12.0.3\keycloak-12.0.3\standalone\configuration/logging.properties
	module.path = C:\keycloak-12.0.3\keycloak-12.0.3\modules
	org.jboss.boot.log.file = C:\keycloak-12.0.3\keycloak-12.0.3\standalone\log\server.log
	org.jboss.resolver.warning = true
	os.arch = x86
	os.name = Windows 10
	os.version = 10.0
	path.separator = ;
	program.name = standalone.bat
	sun.arch.data.model = 32
	sun.boot.class.path = C:\Program Files (x86)\Java\jdk1.8.0_172\jre\lib\resources.jar;C:\Program Files (x86)\Java\jdk1.8.0_172\jre\lib\rt.jar;C:\Program Files (x86)\Java\jdk1.8.0_172\jre\lib\sunrsasign.jar;C:\Program Files (x86)\Java\jdk1.8.0_172\jre\lib\jsse.jar;C:\Program Files (x86)\Java\jdk1.8.0_172\jre\lib\jce.jar;C:\Program Files (x86)\Java\jdk1.8.0_172\jre\lib\charsets.jar;C:\Program Files (x86)\Java\jdk1.8.0_172\jre\lib\jfr.jar;C:\Program Files (x86)\Java\jdk1.8.0_172\jre\classes
	sun.boot.library.path = C:\Program Files (x86)\Java\jdk1.8.0_172\jre\bin
	sun.cpu.endian = little
	sun.cpu.isalist = pentium_pro+mmx pentium_pro pentium+mmx pentium i486 i386 i86
	sun.desktop = windows
	sun.io.unicode.encoding = UnicodeLittle
	sun.java.command = C:\keycloak-12.0.3\keycloak-12.0.3\jboss-modules.jar -mp C:\keycloak-12.0.3\keycloak-12.0.3\modules org.jboss.as.standalone -Djboss.home.dir=C:\keycloak-12.0.3\keycloak-12.0.3
	sun.java.launcher = SUN_STANDARD
	sun.jnu.encoding = Cp1256
	sun.management.compiler = HotSpot Client Compiler
	sun.os.patch.level = 
	sun.stderr.encoding = cp720
	sun.stdout.encoding = cp720
	user.country = US
	user.dir = C:\keycloak-12.0.3\keycloak-12.0.3\bin
	user.home = C:\Users\Osama Fadl
	user.language = en
	user.name = Osama Fadl
	user.script = 
	user.timezone = Asia/Riyadh
	user.variant = 
2021-02-23 13:07:07,351 DEBUG [org.jboss.as.config] (MSC service thread 1-2) VM Arguments: -Dprogram.name=standalone.bat -Xms64M -Xmx512M -XX:MetaspaceSize=96M -XX:MaxMetaspaceSize=256m -Djava.net.preferIPv4Stack=true -Djboss.modules.system.pkgs=org.jboss.byteman -Dorg.jboss.boot.log.file=C:\keycloak-12.0.3\keycloak-12.0.3\standalone\log\server.log -Dlogging.configuration=file:C:\keycloak-12.0.3\keycloak-12.0.3\standalone\configuration/logging.properties 
2021-02-23 13:07:09,387 INFO  [org.wildfly.security] (ServerService Thread Pool -- 20) ELY00001: WildFly Elytron version 1.13.1.Final
2021-02-23 13:07:10,751 INFO  [org.jboss.as.controller.management-deprecated] (Controller Boot Thread) WFLYCTL0028: Attribute 'security-realm' in the resource at address '/core-service=management/management-interface=http-interface' is deprecated, and may be removed in a future version. See the attribute description in the output of the read-resource-description operation to learn more about the deprecation.
2021-02-23 13:07:10,822 INFO  [org.jboss.as.controller.management-deprecated] (ServerService Thread Pool -- 19) WFLYCTL0028: Attribute 'security-realm' in the resource at address '/subsystem=undertow/server=default-server/https-listener=https' is deprecated, and may be removed in a future version. See the attribute description in the output of the read-resource-description operation to learn more about the deprecation.
2021-02-23 13:07:12,144 INFO  [org.jboss.as.server] (Controller Boot Thread) WFLYSRV0039: Creating http management service using socket-binding (management-http)
2021-02-23 13:07:12,167 INFO  [org.xnio] (MSC service thread 1-1) XNIO version 3.8.2.Final
2021-02-23 13:07:12,178 INFO  [org.xnio.nio] (MSC service thread 1-1) XNIO NIO Implementation Version 3.8.2.Final
2021-02-23 13:07:12,241 INFO  [org.jboss.as.clustering.infinispan] (ServerService Thread Pool -- 37) WFLYCLINF0001: Activating Infinispan subsystem.
2021-02-23 13:07:12,247 INFO  [org.wildfly.extension.microprofile.config.smallrye._private] (ServerService Thread Pool -- 45) WFLYCONF0001: Activating WildFly MicroProfile Config Subsystem
2021-02-23 13:07:12,250 INFO  [org.jboss.as.naming] (ServerService Thread Pool -- 48) WFLYNAM0001: Activating Naming Subsystem
2021-02-23 13:07:12,234 WARN  [org.jboss.as.txn] (ServerService Thread Pool -- 53) WFLYTX0013: The node-identifier attribute on the /subsystem=transactions is set to the default value. This is a danger for environments running multiple servers. Please make sure the attribute value is unique.
2021-02-23 13:07:12,252 INFO  [org.jboss.as.security] (ServerService Thread Pool -- 51) WFLYSEC0002: Activating Security Subsystem
2021-02-23 13:07:12,293 INFO  [org.jboss.remoting] (MSC service thread 1-5) JBoss Remoting version 5.0.19.Final
2021-02-23 13:07:12,295 INFO  [org.wildfly.extension.microprofile.metrics.smallrye] (ServerService Thread Pool -- 47) WFLYMETRICS0001: Activating Eclipse MicroProfile Metrics Subsystem
2021-02-23 13:07:12,324 INFO  [org.wildfly.extension.io] (ServerService Thread Pool -- 38) WFLYIO001: Worker 'default' has auto-configured to 8 IO threads with 64 max task threads based on your 4 available processors
2021-02-23 13:07:12,335 INFO  [org.wildfly.extension.undertow] (MSC service thread 1-1) WFLYUT0003: Undertow 2.2.2.Final starting
2021-02-23 13:07:12,340 INFO  [org.wildfly.extension.microprofile.health.smallrye] (ServerService Thread Pool -- 46) WFLYHEALTH0001: Activating Eclipse MicroProfile Health Subsystem
2021-02-23 13:07:12,362 INFO  [org.jboss.as.connector.subsystems.datasources] (ServerService Thread Pool -- 32) WFLYJCA0004: Deploying JDBC-compliant driver class org.h2.Driver (version 1.4)
2021-02-23 13:07:12,411 INFO  [org.jboss.as.connector] (MSC service thread 1-3) WFLYJCA0009: Starting JCA Subsystem (WildFly/IronJacamar 1.4.23.Final)
2021-02-23 13:07:12,421 INFO  [org.jboss.as.jaxrs] (ServerService Thread Pool -- 39) WFLYRS0016: RESTEasy version 3.13.2.Final
2021-02-23 13:07:12,461 WARN  [org.wildfly.clustering.web.undertow] (ServerService Thread Pool -- 54) WFLYCLWEBUT0007: No routing provider found for default-server; using legacy provider based on static configuration
2021-02-23 13:07:12,483 INFO  [org.jboss.as.security] (MSC service thread 1-7) WFLYSEC0001: Current PicketBox version=5.0.3.Final-redhat-00006
2021-02-23 13:07:12,508 INFO  [org.jboss.as.naming] (MSC service thread 1-6) WFLYNAM0003: Starting Naming Service
2021-02-23 13:07:12,533 INFO  [org.jboss.as.mail.extension] (MSC service thread 1-6) WFLYMAIL0001: Bound mail session [java:jboss/mail/Default]
2021-02-23 13:07:12,539 INFO  [org.jboss.as.connector.deployers.jdbc] (MSC service thread 1-1) WFLYJCA0018: Started Driver service with driver-name = h2
2021-02-23 13:07:13,060 INFO  [org.wildfly.extension.undertow] (ServerService Thread Pool -- 54) WFLYUT0014: Creating file handler for path 'C:\keycloak-12.0.3\keycloak-12.0.3/welcome-content' with options [directory-listing: 'false', follow-symlink: 'false', case-sensitive: 'true', safe-symlink-paths: '[]']
2021-02-23 13:07:13,083 INFO  [org.jboss.as.ejb3] (MSC service thread 1-1) WFLYEJB0482: Strict pool mdb-strict-max-pool is using a max instance size of 16 (per class), which is derived from the number of CPUs on this host.
2021-02-23 13:07:13,085 INFO  [org.jboss.as.ejb3] (MSC service thread 1-6) WFLYEJB0481: Strict pool slsb-strict-max-pool is using a max instance size of 64 (per class), which is derived from thread worker pool sizing.
2021-02-23 13:07:13,268 INFO  [org.wildfly.extension.undertow] (MSC service thread 1-6) WFLYUT0012: Started server default-server.
2021-02-23 13:07:13,372 INFO  [org.wildfly.extension.undertow] (MSC service thread 1-3) WFLYUT0018: Host default-host starting
2021-02-23 13:07:13,618 INFO  [org.jboss.as.patching] (MSC service thread 1-8) WFLYPAT0050: Keycloak cumulative patch ID is: base, one-off patches include: none
2021-02-23 13:07:13,650 WARN  [org.jboss.as.domain.management.security] (MSC service thread 1-5) WFLYDM0111: Keystore C:\keycloak-12.0.3\keycloak-12.0.3\standalone\configuration\application.keystore not found, it will be auto generated on first use with a self signed certificate for host localhost
2021-02-23 13:07:13,659 INFO  [org.jboss.as.server.deployment.scanner] (MSC service thread 1-3) WFLYDS0013: Started FileSystemDeploymentService for directory C:\keycloak-12.0.3\keycloak-12.0.3\standalone\deployments
2021-02-23 13:07:13,676 INFO  [org.jboss.as.server.deployment] (MSC service thread 1-1) WFLYSRV0027: Starting deployment of "worldofss-keycloak-wss-2fa-sms-1.0.0-SSO.jar" (runtime-name: "worldofss-keycloak-wss-2fa-sms-1.0.0-SSO.jar")
2021-02-23 13:07:13,676 INFO  [org.jboss.as.server.deployment] (MSC service thread 1-6) WFLYSRV0027: Starting deployment of "keycloak-server.war" (runtime-name: "keycloak-server.war")
2021-02-23 13:07:14,814 INFO  [org.wildfly.extension.undertow] (MSC service thread 1-1) WFLYUT0006: Undertow HTTP listener default listening on 127.0.0.1:8080
2021-02-23 13:07:14,927 INFO  [org.jboss.as.ejb3] (MSC service thread 1-7) WFLYEJB0493: EJB subsystem suspension complete
2021-02-23 13:07:15,023 WARN  [org.jboss.as.dependency.deprecated] (MSC service thread 1-7) WFLYSRV0221: Deployment "deployment.worldofss-keycloak-wss-2fa-sms-1.0.0-SSO.jar" is using a deprecated module ("javax.api") which may be removed in future versions without notice.
2021-02-23 13:07:15,032 WARN  [org.jboss.as.dependency.private] (MSC service thread 1-7) WFLYSRV0018: Deployment "deployment.worldofss-keycloak-wss-2fa-sms-1.0.0-SSO.jar" is using a private module ("org.apache.httpcomponents.core") which may be changed or removed in future versions without notice.
2021-02-23 13:07:15,039 WARN  [org.jboss.as.dependency.private] (MSC service thread 1-7) WFLYSRV0018: Deployment "deployment.worldofss-keycloak-wss-2fa-sms-1.0.0-SSO.jar" is using a private module ("org.keycloak.keycloak-server-spi-private") which may be changed or removed in future versions without notice.
2021-02-23 13:07:15,040 WARN  [org.jboss.as.dependency.private] (MSC service thread 1-7) WFLYSRV0018: Deployment "deployment.worldofss-keycloak-wss-2fa-sms-1.0.0-SSO.jar" is using a private module ("org.keycloak.keycloak-services") which may be changed or removed in future versions without notice.
2021-02-23 13:07:15,049 INFO  [org.jboss.as.connector.subsystems.datasources] (MSC service thread 1-5) WFLYJCA0001: Bound data source [java:jboss/datasources/KeycloakDS]
2021-02-23 13:07:15,050 INFO  [org.jboss.as.connector.subsystems.datasources] (MSC service thread 1-4) WFLYJCA0001: Bound data source [java:jboss/datasources/ExampleDS]
2021-02-23 13:07:15,054 INFO  [org.keycloak.subsystem.server.extension.KeycloakProviderDeploymentProcessor] (MSC service thread 1-1) Deploying Keycloak provider: worldofss-keycloak-wss-2fa-sms-1.0.0-SSO.jar
2021-02-23 13:07:15,679 INFO  [org.wildfly.extension.undertow] (MSC service thread 1-7) WFLYUT0006: Undertow HTTPS listener https listening on 127.0.0.1:8443
2021-02-23 13:07:16,143 INFO  [org.infinispan.CONTAINER] (ServerService Thread Pool -- 57) ISPN000128: Infinispan version: Infinispan 'Corona Extra' 11.0.4.Final
2021-02-23 13:07:16,208 INFO  [org.infinispan.CONFIG] (MSC service thread 1-5) ISPN000152: Passivation configured without an eviction policy being selected. Only manually evicted entities will be passivated.
2021-02-23 13:07:16,210 INFO  [org.infinispan.CONFIG] (MSC service thread 1-5) ISPN000152: Passivation configured without an eviction policy being selected. Only manually evicted entities will be passivated.
2021-02-23 13:07:16,550 INFO  [org.infinispan.PERSISTENCE] (ServerService Thread Pool -- 57) ISPN000556: Starting user marshaller 'org.wildfly.clustering.infinispan.marshalling.jboss.JBossMarshaller'
2021-02-23 13:07:16,550 INFO  [org.infinispan.PERSISTENCE] (ServerService Thread Pool -- 56) ISPN000556: Starting user marshaller 'org.wildfly.clustering.infinispan.spi.marshalling.InfinispanProtoStreamMarshaller'
2021-02-23 13:07:16,968 INFO  [org.jboss.as.clustering.infinispan] (ServerService Thread Pool -- 56) WFLYCLINF0002: Started http-remoting-connector cache from ejb container
2021-02-23 13:07:17,126 INFO  [org.jboss.as.clustering.infinispan] (ServerService Thread Pool -- 64) WFLYCLINF0002: Started offlineClientSessions cache from keycloak container
2021-02-23 13:07:17,128 INFO  [org.jboss.as.clustering.infinispan] (ServerService Thread Pool -- 65) WFLYCLINF0002: Started sessions cache from keycloak container
2021-02-23 13:07:17,120 INFO  [org.jboss.as.clustering.infinispan] (ServerService Thread Pool -- 62) WFLYCLINF0002: Started work cache from keycloak container
2021-02-23 13:07:17,120 INFO  [org.jboss.as.clustering.infinispan] (ServerService Thread Pool -- 63) WFLYCLINF0002: Started clientSessions cache from keycloak container
2021-02-23 13:07:17,119 INFO  [org.jboss.as.clustering.infinispan] (ServerService Thread Pool -- 58) WFLYCLINF0002: Started authenticationSessions cache from keycloak container
2021-02-23 13:07:17,123 INFO  [org.jboss.as.clustering.infinispan] (ServerService Thread Pool -- 67) WFLYCLINF0002: Started offlineSessions cache from keycloak container
2021-02-23 13:07:17,124 INFO  [org.jboss.as.clustering.infinispan] (ServerService Thread Pool -- 68) WFLYCLINF0002: Started actionTokens cache from keycloak container
2021-02-23 13:07:17,119 INFO  [org.jboss.as.clustering.infinispan] (ServerService Thread Pool -- 57) WFLYCLINF0002: Started loginFailures cache from keycloak container
2021-02-23 13:07:17,186 INFO  [org.jboss.as.clustering.infinispan] (ServerService Thread Pool -- 61) WFLYCLINF0002: Started realms cache from keycloak container
2021-02-23 13:07:17,186 INFO  [org.jboss.as.clustering.infinispan] (ServerService Thread Pool -- 66) WFLYCLINF0002: Started users cache from keycloak container
2021-02-23 13:07:17,187 INFO  [org.jboss.as.clustering.infinispan] (ServerService Thread Pool -- 60) WFLYCLINF0002: Started authorization cache from keycloak container
2021-02-23 13:07:17,187 INFO  [org.jboss.as.clustering.infinispan] (ServerService Thread Pool -- 59) WFLYCLINF0002: Started keys cache from keycloak container
2021-02-23 13:07:17,508 WARN  [org.jboss.as.server.deployment] (MSC service thread 1-7) WFLYSRV0273: Excluded subsystem webservices via jboss-deployment-structure.xml does not exist.
2021-02-23 13:07:19,213 INFO  [org.keycloak.services] (ServerService Thread Pool -- 58) KC-SERVICES0001: Loading config from standalone.xml or domain.xml
2021-02-23 13:07:19,671 INFO  [org.keycloak.url.DefaultHostnameProviderFactory] (ServerService Thread Pool -- 58) Frontend: <request>, Admin: <frontend>, Backend: <request>
2021-02-23 13:07:19,946 WARN  [org.keycloak.services] (ServerService Thread Pool -- 58) KC-SERVICES0047: sms-authenticator (worldofss.keycloak.authenticator.SmsAuthenticatorFactory) is implementing the internal SPI authenticator. This SPI is internal and may change without notice
2021-02-23 13:07:19,962 WARN  [org.infinispan.encoding.impl.StorageConfigurationManager] (ServerService Thread Pool -- 58) ISPN000599: Configuration for cache 'realmRevisions' does not define the encoding for keys or values. If you use operations that require data conversion or queries, you should configure the cache with a specific MediaType for keys or values.
2021-02-23 13:07:19,970 INFO  [org.jboss.as.clustering.infinispan] (ServerService Thread Pool -- 58) WFLYCLINF0002: Started realmRevisions cache from keycloak container
2021-02-23 13:07:19,971 WARN  [org.infinispan.encoding.impl.StorageConfigurationManager] (ServerService Thread Pool -- 58) ISPN000599: Configuration for cache 'userRevisions' does not define the encoding for keys or values. If you use operations that require data conversion or queries, you should configure the cache with a specific MediaType for keys or values.
2021-02-23 13:07:19,974 INFO  [org.jboss.as.clustering.infinispan] (ServerService Thread Pool -- 58) WFLYCLINF0002: Started userRevisions cache from keycloak container
2021-02-23 13:07:19,975 WARN  [org.infinispan.encoding.impl.StorageConfigurationManager] (ServerService Thread Pool -- 58) ISPN000599: Configuration for cache 'authorizationRevisions' does not define the encoding for keys or values. If you use operations that require data conversion or queries, you should configure the cache with a specific MediaType for keys or values.
2021-02-23 13:07:19,979 INFO  [org.jboss.as.clustering.infinispan] (ServerService Thread Pool -- 58) WFLYCLINF0002: Started authorizationRevisions cache from keycloak container
2021-02-23 13:07:19,981 INFO  [org.keycloak.connections.infinispan.DefaultInfinispanConnectionProviderFactory] (ServerService Thread Pool -- 58) Node name: osama, Site name: null
2021-02-23 13:07:25,015 INFO  [org.keycloak.connections.jpa.DefaultJpaConnectionProviderFactory] (ServerService Thread Pool -- 58) Database info: {databaseUrl=jdbc:h2:C:\keycloak-12.0.3\keycloak-12.0.3\standalone\data/keycloak, databaseUser=SA, databaseProduct=H2 1.4.197 (2018-03-18), databaseDriver=H2 JDBC Driver 1.4.197 (2018-03-18)}
2021-02-23 13:07:27,095 INFO  [org.hibernate.jpa.internal.util.LogHelper] (ServerService Thread Pool -- 58) HHH000204: Processing PersistenceUnitInfo [
	name: keycloak-default
	...]
2021-02-23 13:07:27,178 INFO  [org.hibernate.Version] (ServerService Thread Pool -- 58) HHH000412: Hibernate Core {5.3.20.Final}
2021-02-23 13:07:27,183 INFO  [org.hibernate.cfg.Environment] (ServerService Thread Pool -- 58) HHH000206: hibernate.properties not found
2021-02-23 13:07:27,369 INFO  [org.hibernate.annotations.common.Version] (ServerService Thread Pool -- 58) HCANN000001: Hibernate Commons Annotations {5.0.5.Final}
2021-02-23 13:07:27,596 INFO  [org.hibernate.dialect.Dialect] (ServerService Thread Pool -- 58) HHH000400: Using dialect: org.hibernate.dialect.H2Dialect
2021-02-23 13:07:27,604 WARN  [org.hibernate.dialect.H2Dialect] (ServerService Thread Pool -- 58) HHH000431: Unable to determine H2 database version, certain features may not work
2021-02-23 13:07:27,649 INFO  [org.hibernate.envers.boot.internal.EnversServiceImpl] (ServerService Thread Pool -- 58) Envers integration enabled? : true
2021-02-23 13:07:28,246 INFO  [org.hibernate.orm.beans] (ServerService Thread Pool -- 58) HHH10005002: No explicit CDI BeanManager reference was passed to Hibernate, but CDI is available on the Hibernate ClassLoader.
2021-02-23 13:07:28,335 INFO  [org.hibernate.validator.internal.util.Version] (ServerService Thread Pool -- 58) HV000001: Hibernate Validator 6.0.21.Final
2021-02-23 13:07:30,050 INFO  [org.hibernate.hql.internal.QueryTranslatorFactoryInitiator] (ServerService Thread Pool -- 58) HHH000397: Using ASTQueryTranslatorFactory
2021-02-23 13:07:31,051 INFO  [org.jboss.resteasy.resteasy_jaxrs.i18n] (ServerService Thread Pool -- 58) RESTEASY002225: Deploying javax.ws.rs.core.Application: class org.keycloak.services.resources.KeycloakApplication
2021-02-23 13:07:31,054 INFO  [org.jboss.resteasy.resteasy_jaxrs.i18n] (ServerService Thread Pool -- 58) RESTEASY002200: Adding class resource org.keycloak.services.resources.ThemeResource from Application class org.keycloak.services.resources.KeycloakApplication
2021-02-23 13:07:31,054 INFO  [org.jboss.resteasy.resteasy_jaxrs.i18n] (ServerService Thread Pool -- 58) RESTEASY002205: Adding provider class org.keycloak.services.error.KeycloakErrorHandler from Application class org.keycloak.services.resources.KeycloakApplication
2021-02-23 13:07:31,055 INFO  [org.jboss.resteasy.resteasy_jaxrs.i18n] (ServerService Thread Pool -- 58) RESTEASY002200: Adding class resource org.keycloak.services.resources.JsResource from Application class org.keycloak.services.resources.KeycloakApplication
2021-02-23 13:07:31,056 INFO  [org.jboss.resteasy.resteasy_jaxrs.i18n] (ServerService Thread Pool -- 58) RESTEASY002205: Adding provider class org.keycloak.services.filters.KeycloakSecurityHeadersFilter from Application class org.keycloak.services.resources.KeycloakApplication
2021-02-23 13:07:31,057 INFO  [org.jboss.resteasy.resteasy_jaxrs.i18n] (ServerService Thread Pool -- 58) RESTEASY002210: Adding provider singleton org.keycloak.services.util.ObjectMapperResolver from Application class org.keycloak.services.resources.KeycloakApplication
2021-02-23 13:07:31,058 INFO  [org.jboss.resteasy.resteasy_jaxrs.i18n] (ServerService Thread Pool -- 58) RESTEASY002220: Adding singleton resource org.keycloak.services.resources.RobotsResource from Application class org.keycloak.services.resources.KeycloakApplication
2021-02-23 13:07:31,058 INFO  [org.jboss.resteasy.resteasy_jaxrs.i18n] (ServerService Thread Pool -- 58) RESTEASY002220: Adding singleton resource org.keycloak.services.resources.admin.AdminRoot from Application class org.keycloak.services.resources.KeycloakApplication
2021-02-23 13:07:31,058 INFO  [org.jboss.resteasy.resteasy_jaxrs.i18n] (ServerService Thread Pool -- 58) RESTEASY002220: Adding singleton resource org.keycloak.services.resources.WelcomeResource from Application class org.keycloak.services.resources.KeycloakApplication
2021-02-23 13:07:31,059 INFO  [org.jboss.resteasy.resteasy_jaxrs.i18n] (ServerService Thread Pool -- 58) RESTEASY002220: Adding singleton resource org.keycloak.services.resources.RealmsResource from Application class org.keycloak.services.resources.KeycloakApplication
2021-02-23 13:07:31,166 INFO  [org.wildfly.extension.undertow] (ServerService Thread Pool -- 58) WFLYUT0021: Registered web context: '/auth' for server 'default-server'
2021-02-23 13:07:31,381 INFO  [org.jboss.as.server] (ServerService Thread Pool -- 33) WFLYSRV0010: Deployed "worldofss-keycloak-wss-2fa-sms-1.0.0-SSO.jar" (runtime-name : "worldofss-keycloak-wss-2fa-sms-1.0.0-SSO.jar")
2021-02-23 13:07:31,382 INFO  [org.jboss.as.server] (ServerService Thread Pool -- 43) WFLYSRV0010: Deployed "keycloak-server.war" (runtime-name : "keycloak-server.war")
2021-02-23 13:07:31,467 INFO  [org.jboss.as.server] (Controller Boot Thread) WFLYSRV0212: Resuming server
2021-02-23 13:07:31,470 INFO  [org.jboss.as] (Controller Boot Thread) WFLYSRV0025: Keycloak 12.0.3 (WildFly Core 13.0.3.Final) started in 25348ms - Started 632 of 911 services (588 services are lazy, passive or on-demand)
2021-02-23 13:07:31,473 INFO  [org.jboss.as] (Controller Boot Thread) WFLYSRV0060: Http management interface listening on http://127.0.0.1:9990/management
2021-02-23 13:07:31,473 INFO  [org.jboss.as] (Controller Boot Thread) WFLYSRV0051: Admin console listening on http://127.0.0.1:9990
2021-02-23 13:07:36,729 WARN  [worldofss.keycloak.authenticator.gateway.SmsServiceFactory] (default task-1) ***** SIMULATION MODE ***** Would send SMS to 0558068999 with text: · ”ÃÌ· «·œŒÊ· «œŒ· —„“ «· Õﬁﬁ 6824  
2021-02-23 13:07:45,122 INFO  [worldofss.keycloak.authenticator.SmsAuthenticator] (default task-1) Validating...
2021-02-23 13:13:34,130 WARN  [worldofss.keycloak.authenticator.gateway.SmsServiceFactory] (default task-2) ***** SIMULATION MODE ***** Would send SMS to 0558068999 with text: · ”ÃÌ· «·œŒÊ· «œŒ· —„“ «· Õﬁﬁ 4465  
2021-02-23 13:15:45,867 WARN  [worldofss.keycloak.authenticator.gateway.SmsServiceFactory] (default task-2) ***** SIMULATION MODE ***** Would send SMS to 0558068999 with text: · ”ÃÌ· «·œŒÊ· «œŒ· —„“ «· Õﬁﬁ 3353  
2021-02-23 13:16:15,985 WARN  [worldofss.keycloak.authenticator.gateway.SmsServiceFactory] (default task-2) ***** SIMULATION MODE ***** Would send SMS to 0558068999 with text: · ”ÃÌ· «·œŒÊ· «œŒ· —„“ «· Õﬁﬁ 6034  
2021-02-23 13:16:28,221 INFO  [worldofss.keycloak.authenticator.SmsAuthenticator] (default task-2) Validating...
